2024-11-06 07:54:14|   0.0|  0.0|INFORM|Current FME version: FME 2023.1.0.0 (20230825 - Build 23619 - WIN64)
2024-11-06 07:54:14|   0.0|  0.0|INFORM|System Time: 20241106065415 UTC
2024-11-06 07:54:14|   0.0|  0.0|INFORM|FME_HOME is 'C:\Program Files\FME_Form_Local_ver\'
2024-11-06 07:54:14|   0.0|  0.0|INFORM|FME Form (floating)
2024-11-06 07:54:14|   0.0|  0.0|INFORM|Temporary License: 166 days left.
2024-11-06 07:54:14|   0.0|  0.0|INFORM|Machine host name is: CZC0139XK2
2024-11-06 07:54:14|   0.0|  0.0|INFORM|OS Locale Name     : sv_SE
2024-11-06 07:54:14|   0.0|  0.0|INFORM|OS Locale Encoding : windows-1252
2024-11-06 07:54:14|   0.0|  0.0|INFORM|Process Encoding   : UTF-8
2024-11-06 07:54:14|   0.0|  0.0|INFORM|FME API version: '4.0 20230426'
2024-11-06 07:54:14|   0.0|  0.0|INFORM|FME Configuration: FME_BASE is 'no'
2024-11-06 07:54:14|   0.0|  0.0|INFORM|FME Configuration: FME_MF_DIR is 'K:\FME\Lokala FME flöden\3D projekt\Cesium/'
2024-11-06 07:54:14|   0.0|  0.0|INFORM|FME Configuration: FME_MF_NAME is 'FormatillCesium.fmw'
2024-11-06 07:54:14|   0.0|  0.0|INFORM|FME Configuration: FME_PRODUCT_NAME is 'FME(R) 2023.1.0.0'
2024-11-06 07:54:14|   0.0|  0.0|INFORM|Operating System: Microsoft Windows 10 64-bit  (Build 19045)
2024-11-06 07:54:14|   0.0|  0.0|INFORM|FME Platform: WIN64
2024-11-06 07:54:14|   0.0|  0.0|INFORM|System Status: 19.30 GB of disk space available in the FME temporary folder (C:\Users\jsfo\AppData\Local\Temp\wbrun_1730872972281_19788\fmetmp_b)
2024-11-06 07:54:14|   0.0|  0.0|INFORM|System Status: 15.73 GB of physical memory available
2024-11-06 07:54:14|   0.0|  0.0|INFORM|System Status: 62.93 GB of virtual memory available
2024-11-06 07:54:14|   0.0|  0.0|INFORM|START - ProcessID: 8240, peak process memory usage: 42352 kB, current process memory usage: 42352 kB
2024-11-06 07:54:14|   0.0|  0.0|INFORM|FME Configuration: Command line arguments are `C:\Program Files\FME_Form_Local_ver\fme.exe' `K:\FME\Lokala FME flöden\3D projekt\Cesium\wb-xlate-1730876053465_19788' `LOG_STANDARDOUT' `YES' `LOG_TIMINGS' `YES' `LogCountServerName' `54139' `LOG_STANDARDOUT' `No' `WORKBENCH_LOG_SERVER' `54052'
2024-11-06 07:54:14|   0.0|  0.0|INFORM|FME Configuration: Connection Storage: 'C:\Users\jsfo\AppData\Roaming\Safe Software\FME\'
2024-11-06 07:54:14|   0.0|  0.0|INFORM|Shared folders for formats are : C:\Program Files\FME_Form_Local_ver\datasources;\\thn.local\adm\hem\jsfo\Dokument\FME\Formats
2024-11-06 07:54:14|   0.0|  0.0|INFORM|Shared folders for transformers are : C:\Users\jsfo\AppData\Roaming\Safe Software\FME\Packages\23619-win64\transformers;C:\Program Files\FME_Form_Local_ver\transformers
2024-11-06 07:54:14|   0.0|  0.0|INFORM|Shared folders for coordinate systems are : \\thn.local\adm\hem\jsfo\Dokument\FME\CoordinateSystems
2024-11-06 07:54:14|   0.0|  0.0|INFORM|Shared folders for coordinate system exceptions are : \\thn.local\adm\hem\jsfo\Dokument\FME\CoordinateSystemExceptions
2024-11-06 07:54:14|   0.0|  0.0|INFORM|Shared folders for coordinate system grid overrides are : \\thn.local\adm\hem\jsfo\Dokument\FME\CoordinateSystemGridOverrides
2024-11-06 07:54:14|   0.0|  0.0|INFORM|Shared folders for CS-MAP transformation exceptions are : \\thn.local\adm\hem\jsfo\Dokument\FME\CsmapTransformationExceptions
2024-11-06 07:54:14|   0.0|  0.0|INFORM|Shared folders for transformer categories are : \\thn.local\adm\hem\jsfo\Dokument\FME\TransformerCategories
2024-11-06 07:54:14|   0.0|  0.0|INFORM|FME Configuration: Reader Keyword is `MULTI_READER'
2024-11-06 07:54:14|   0.0|  0.0|INFORM|FME Configuration: Writer Keyword is `PRIMARY_DEST'
2024-11-06 07:54:14|   0.0|  0.0|INFORM|FME Configuration: Writer Group Definition Keyword is `PRIMARY_DEST_DEF'
2024-11-06 07:54:14|   0.0|  0.0|INFORM|FME Configuration: Reader type is `MULTI_READER'
2024-11-06 07:54:14|   0.0|  0.0|INFORM|FME Configuration: Writer type is `MULTI_WRITER'
2024-11-06 07:54:14|   0.0|  0.0|INFORM|FME Configuration: No destination coordinate system set
2024-11-06 07:54:14|   0.0|  0.0|INFORM|FME Configuration: Current working folder is `K:\FME\Lokala FME flöden\3D projekt\Cesium'
2024-11-06 07:54:14|   0.0|  0.0|INFORM|FME Configuration: Temporary folder is `C:\Users\jsfo\AppData\Local\Temp\wbrun_1730872972281_19788\fmetmp_b', set from environment variable `FME_TEMP'
2024-11-06 07:54:14|   0.0|  0.0|INFORM|FME Configuration: Cache folder is 'C:\Users\jsfo\AppData\Local\Temp'
2024-11-06 07:54:14|   0.0|  0.0|INFORM|FME Configuration: FME_HOME is `C:\Program Files\FME_Form_Local_ver\'
2024-11-06 07:54:14|   0.0|  0.0|INFORM|FME Configuration: Start freeing memory when the process exceeds 47.20 GB
2024-11-06 07:54:14|   0.0|  0.0|INFORM|FME Configuration: Stop freeing memory when the process is below 35.40 GB
2024-11-06 07:54:15|   0.0|  0.0|INFORM|Creating writer for format: 
2024-11-06 07:54:15|   0.0|  0.0|INFORM|Creating reader for format: 
2024-11-06 07:54:15|   0.0|  0.0|INFORM|MULTI_READER(MULTI_READER): Will fail with first member reader failure
2024-11-06 07:54:15|   0.0|  0.0|INFORM|MULTI_READER(MULTI_READER): Adding OBJ Reader with keyword OBJ_3
2024-11-06 07:54:15|   0.0|  0.0|INFORM|Using Multi Reader with keyword `MULTI_READER' to read multiple datasets
2024-11-06 07:54:15|   0.1|  0.1|INFORM|Creating reader for format: OBJ
2024-11-06 07:54:15|   0.1|  0.0|INFORM|Trying to find a DYNAMIC plugin for reader named `OBJ'
2024-11-06 07:54:15|   0.1|  0.0|INFORM|Loaded module 'OBJ' from file 'C:\Program Files\FME_Form_Local_ver\plugins/obj/obj.dll'
2024-11-06 07:54:15|   0.1|  0.0|INFORM|FME API version of module 'obj/obj' matches current internal version (4.0 20230426)
2024-11-06 07:54:15|   0.1|  0.0|INFORM|OBJ Reader: Reverse Face Order: 'false'
2024-11-06 07:54:15|   0.1|  0.0|INFORM|OBJ Reader: Reading in Variable FeatureType mode
2024-11-06 07:54:15|   0.1|  0.0|INFORM|OBJ Reader: Opening Dataset: 'K:\Personer\Jonas\3D\FORMA till Cesium\Kopparholmen 8 (2)\samrådsförslag 3 vån.obj'
2024-11-06 07:54:15|   0.1|  0.0|INFORM|Using MultiWriter with keyword `PRIMARY_DEST' to output data (ID_ATTRIBUTE is `multi_writer_id')
2024-11-06 07:54:15|   0.1|  0.0|INFORM|Writer output will be ordered by value of multi_writer_id
2024-11-06 07:54:15|   0.1|  0.0|INFORM|Loaded module 'LogCount_func' from file 'C:\Program Files\FME_Form_Local_ver\plugins/LogCount_func.dll'
2024-11-06 07:54:15|   0.1|  0.0|INFORM|FME API version of module 'LogCount_func' matches current internal version (4.0 20230426)
2024-11-06 07:54:15|   0.2|  0.1|INFORM|Loaded module 'SharedObjectFactory' from file 'C:\Program Files\FME_Form_Local_ver\plugins/SharedObjectFactory.dll'
2024-11-06 07:54:15|   0.2|  0.0|INFORM|FME API version of module 'SharedObjectFactory' matches current internal version (4.0 20230426)
2024-11-06 07:54:15|   0.2|  0.0|INFORM|Loaded module 'GQueryFactory' from file 'C:\Program Files\FME_Form_Local_ver\plugins/GQueryFactory.dll'
2024-11-06 07:54:15|   0.2|  0.0|INFORM|FME API version of module 'GQueryFactory' matches current internal version (4.0 20230426)
2024-11-06 07:54:15|   0.2|  0.0|INFORM|Loaded module 'InspectorFactory' from file 'C:\Program Files\FME_Form_Local_ver\plugins/InspectorFactory.dll'
2024-11-06 07:54:15|   0.2|  0.0|INFORM|FME API version of module 'InspectorFactory' matches current internal version (4.0 20230426)
2024-11-06 07:54:16|   1.1|  0.9|WARN  |AppearanceStyler: Unsupported geometry found. Removing all unsupported geometry from feature
2024-11-06 07:54:16|   1.1|  0.0|INFORM|Creating writer for format: OBJ
2024-11-06 07:54:16|   1.1|  0.0|INFORM|Trying to find a DYNAMIC plugin for writer named `OBJ'
2024-11-06 07:54:16|   1.1|  0.0|INFORM|FME Configuration: No destination coordinate system set
2024-11-06 07:54:16|   1.1|  0.0|INFORM|Writer `OBJ_2' of type `OBJ' using group definition keyword `OBJ_2_DEF'
2024-11-06 07:54:16|   1.1|  0.0|INFORM|OBJ Writer: Opening File Writer on dataset: 'K:\FME\Lokala FME flöden\3D projekt\Cesium'
2024-11-06 07:54:16|   1.1|  0.0|INFORM|OBJ Writer: Reverse Face Order: 'No'
2024-11-06 07:54:16|   1.1|  0.0|INFORM|OBJ Writer: Triangulate Faces: 'Yes'
2024-11-06 07:54:16|   1.1|  0.0|INFORM|OBJ Writer: Write Points and Lines: 'No'
2024-11-06 07:54:16|   1.1|  0.0|INFORM|OBJ Writer: Write FME Version to OBJ file: 'Yes'
2024-11-06 07:54:16|   1.1|  0.0|INFORM|OBJ Writer: Write Mesh Vertex Colors: 'Yes'
2024-11-06 07:54:16|   1.1|  0.0|INFORM|OBJ Writer: Write Texture List File: 'No'
2024-11-06 07:54:16|   1.1|  0.0|INFORM|OBJ Writer: Fix Names: 'Yes'
2024-11-06 07:54:16|   1.1|  0.0|INFORM|OBJ Writer: File per Feature: 'No'
2024-11-06 07:54:16|   1.1|  0.0|STATS |Storing feature(s) to FME feature store file `C:\Users\jsfo\AppData\Local\Temp\wb-inspectors-mnMtDc\inspector.ffs'
2024-11-06 07:54:16|   1.3|  0.2|INFORM|OBJ Reader: Closing File Reader
2024-11-06 07:54:16|   1.3|  0.0|INFORM|MULTI_READER(MULTI_READER): Done reading 1 features from 1 readers
2024-11-06 07:54:16|   1.3|  0.0|INFORM|Emptying factory pipeline
2024-11-06 07:54:16|   1.3|  0.0|STATS |Router and Unexpected Input Remover (RoutingFactory): Tested 1 input feature(s), wrote 1 output feature(s): 1 matched merge filters, 1 were routed to output, 0 could not be routed.
2024-11-06 07:54:16|   1.3|  0.0|STATS |Unwanted Router Input Nuker (TeeFactory): Cloned 0 input feature(s) into 0 output feature(s)
2024-11-06 07:54:16|   1.3|  0.0|STATS |samrådsförslag 3 vån_OBJ_3 Splitter (TeeFactory): Cloned 1 input feature(s) into 1 output feature(s)
2024-11-06 07:54:16|   1.3|  0.0|STATS |_CREATOR_BRANCH_TARGET (TeeFactory): Cloned 1 input feature(s) into 1 output feature(s)
2024-11-06 07:54:16|   1.3|  0.0|STATS |CoordinateSystemSetter (Disabled) Nuker (TeeFactory): Cloned 0 input feature(s) into 0 output feature(s)
2024-11-06 07:54:16|   1.3|  0.0|STATS |VertexCreator (Disabled) Nuker (TeeFactory): Cloned 0 input feature(s) into 0 output feature(s)
2024-11-06 07:54:16|   1.3|  0.0|STATS |Reprojector (Disabled) Nuker (TeeFactory): Cloned 0 input feature(s) into 0 output feature(s)
2024-11-06 07:54:16|   1.3|  0.0|STATS |CoordinateExtractor (Disabled) Nuker (TeeFactory): Cloned 0 input feature(s) into 0 output feature(s)
2024-11-06 07:54:16|   1.3|  0.0|STATS |Inspector_2 (Disabled) Nuker (TeeFactory): Cloned 0 input feature(s) into 0 output feature(s)
2024-11-06 07:54:16|   1.3|  0.0|STATS |Deaggregator (DeaggregateFactory): Split 1 input feature(s) into 0 point-in-polygon feature(s), 0 donut polygon(s), 0 polygon(s), 0 line(s), 0 point(s), and 7 aggregate(s)
2024-11-06 07:54:16|   1.3|  0.0|STATS |Deaggregator DEAGGREGATED Splitter (TeeFactory): Cloned 7 input feature(s) into 14 output feature(s)
2024-11-06 07:54:16|   1.3|  0.0|STATS |Tester (TestFactory): Tested 7 input feature(s) -- 5 feature(s) passed and 2 feature(s) failed
2024-11-06 07:54:16|   1.3|  0.0|STATS |Tester FAILED Splitter (TeeFactory): Cloned 2 input feature(s) into 6 output feature(s)
2024-11-06 07:54:16|   1.3|  0.0|STATS |AppearanceStyler_GeometryFilter (TestFactory): Tested 2 input feature(s) -- 0 feature(s) passed and 2 feature(s) failed
2024-11-06 07:54:16|   1.3|  0.0|STATS |AppearanceStyler (TeeFactory): Cloned 2 input feature(s) into 2 output feature(s)
2024-11-06 07:54:16|   1.3|  0.0|STATS |AppearanceSetter_HOLDER (SortFactory): Output 0 feature(s) without doing any sorting
2024-11-06 07:54:16|   1.3|  0.0|STATS |AppearanceSetter_ColorStyle_Creator (CreationFactory): Created 1 features
2024-11-06 07:54:16|   1.3|  0.0|STATS |AppearanceSetter_Apply_ColorStyle (TeeFactory): Cloned 1 input feature(s) into 1 output feature(s)
2024-11-06 07:54:16|   1.3|  0.0|STATS |AppearanceSetter_uOriginOffsetRejector (TestFactory): Tested 2 input feature(s) -- 2 feature(s) passed and 0 feature(s) failed
2024-11-06 07:54:16|   1.3|  0.0|STATS |AppearanceSetter_vOriginOffsetRejector (TestFactory): Tested 2 input feature(s) -- 2 feature(s) passed and 0 feature(s) failed
2024-11-06 07:54:16|   1.3|  0.0|STATS |AppearanceSetter__textureuRepeatFactorRejector__ (TestFactory): Tested 2 input feature(s) -- 2 feature(s) passed and 0 feature(s) failed
2024-11-06 07:54:16|   1.3|  0.0|STATS |AppearanceSetter__texturevRepeatFactorRejector__ (TestFactory): Tested 2 input feature(s) -- 2 feature(s) passed and 0 feature(s) failed
2024-11-06 07:54:16|   1.3|  0.0|STATS |CoordinateSystemRemover (TeeFactory): Cloned 2 input feature(s) into 2 output feature(s)
2024-11-06 07:54:16|   1.3|  0.0|STATS |Stored 7 feature(s) to FME feature store file `C:\Users\jsfo\AppData\Local\Temp\wb-inspectors-mnMtDc\inspector.ffs'
2024-11-06 07:54:16|   1.3|  0.0|INFORM|Saving feature type index into file 'C:\Users\jsfo\AppData\Local\Temp\wb-inspectors-mnMtDc\inspector.fsi'
2024-11-06 07:54:16|   1.3|  0.0|INFORM|Finished saving feature type index into file 'C:\Users\jsfo\AppData\Local\Temp\wb-inspectors-mnMtDc\inspector.fsi'
2024-11-06 07:54:16|   1.3|  0.0|STATS |Destination Feature Type Routing Correlator (RoutingFactory): Tested 4 input feature(s), wrote 4 output feature(s): 0 matched merge filters, 4 were routed to output, 0 could not be routed.
2024-11-06 07:54:16|   1.3|  0.0|STATS |Final Output Nuker (TeeFactory): Cloned 0 input feature(s) into 0 output feature(s)
2024-11-06 07:54:16|   1.3|  0.0|STATS |VisualizerProcessor (CreationFactory): Created 1 features
2024-11-06 07:54:16|   1.3|  0.0|STATS |VisualizerCleaner (TeeFactory): Cloned 1 input feature(s) into 0 output feature(s)
2024-11-06 07:54:16|   1.3|  0.0|INFORM|OBJ Writer: Material Library File: 'K:\FME\Lokala FME flöden\3D projekt\Cesium\materials.mtl'
2024-11-06 07:54:16|   1.3|  0.0|INFORM|OBJ Writer: Closing File Writer
2024-11-06 07:54:16|   1.3|  0.0|INFORM|=-=-=-=-=-=-=-=-=-=-=-=-=-=-=-=-=-=-=-=-=-=-=-=-=-=-=-=-=-=-=-=-=-=-=-=-=-=-=-
2024-11-06 07:54:16|   1.3|  0.0|INFORM|Feature output statistics for `OBJ' writer using keyword `OBJ_2':
2024-11-06 07:54:16|   1.3|  0.0|STATS |=-=-=-=-=-=-=-=-=-=-=-=-=-=-=-=-=-=-=-=-=-=-=-=-=-=-=-=-=-=-=-=-=-=-=-=-=-=-=-
2024-11-06 07:54:16|   1.3|  0.0|STATS |                               Features Written
2024-11-06 07:54:16|   1.3|  0.0|STATS |=-=-=-=-=-=-=-=-=-=-=-=-=-=-=-=-=-=-=-=-=-=-=-=-=-=-=-=-=-=-=-=-=-=-=-=-=-=-=-
2024-11-06 07:54:16|   1.3|  0.0|STATS |FormatillCesium                                                              2
2024-11-06 07:54:16|   1.3|  0.0|STATS |==============================================================================
2024-11-06 07:54:16|   1.3|  0.0|STATS |Total Features Written                                                       2
2024-11-06 07:54:16|   1.3|  0.0|STATS |=-=-=-=-=-=-=-=-=-=-=-=-=-=-=-=-=-=-=-=-=-=-=-=-=-=-=-=-=-=-=-=-=-=-=-=-=-=-=-
2024-11-06 07:54:16|   1.3|  0.0|INFORM|MULTI_WRITER: multi_writer_id `1': Started outputting features
2024-11-06 07:54:16|   1.3|  0.0|INFORM|Creating writer for format: Trimble SketchUp
2024-11-06 07:54:16|   1.3|  0.0|INFORM|Trying to find a DYNAMIC plugin for writer named `SKP'
2024-11-06 07:54:16|   1.3|  0.0|INFORM|Loaded module 'SKP' from file 'C:\Program Files\FME_Form_Local_ver\plugins/skp/skp.dll'
2024-11-06 07:54:16|   1.3|  0.0|INFORM|FME API version of module 'skp/skp' matches current internal version (4.0 20230426)
2024-11-06 07:54:16|   1.3|  0.0|INFORM|FME Configuration: No destination coordinate system set
2024-11-06 07:54:16|   1.3|  0.0|INFORM|Writer `SKP_1' of type `SKP' using group definition keyword `SKP_1_DEF'
2024-11-06 07:54:16|   1.3|  0.0|INFORM|SketchUp Writer: Merge Coplanar Faces: 'No'
2024-11-06 07:54:16|   1.3|  0.0|INFORM|SketchUp Writer: Move to Local Coordinate System: 'Yes'
2024-11-06 07:54:16|   1.3|  0.0|INFORM|SketchUp Writer: Consolidate Appearances: 'Yes'
2024-11-06 07:54:16|   1.3|  0.0|WARN  |Trimble Sketchup Writer: Input feature(s) do not have a coordinate system. No reprojection will occur
2024-11-06 07:54:16|   1.4|  0.1|STATS |Storing feature(s) to FME feature store file `K:\FME\Lokala FME flöden\3D projekt\Cesium\FormatillCesium_log.ffs'
2024-11-06 07:54:16|   1.4|  0.0|WARN  |Failed to add a geometry to the Sketchup model, resulting file may be missing components
2024-11-06 07:54:16|   1.4|  0.0|WARN  |+++++++++++++++++++++++++++++++++++++++++++++++++++++++++++++++++++++++++++
2024-11-06 07:54:16|   1.4|  0.0|WARN  |Feature Type: `'
2024-11-06 07:54:16|   1.4|  0.0|WARN  |Attribute(string: UTF-8): `fme_geometry' has value `fme_aggregate'
2024-11-06 07:54:16|   1.4|  0.0|WARN  |Attribute(string: UTF-8): `fme_type' has value `fme_surface'
2024-11-06 07:54:16|   1.4|  0.0|WARN  |Coordinate System: `'
2024-11-06 07:54:16|   1.4|  0.0|WARN  |Geometry Type: IFMEFace
2024-11-06 07:54:16|   1.4|  0.0|WARN  |Number of Geometry Traits: 1
2024-11-06 07:54:16|   1.4|  0.0|WARN  |GeometryTrait(string; UTF-8): `obj_group' has value `basic:pro_6pzdl8zvc0:a9826012-0602-4c66-998a-e9ade8ebfd3e+a8aa4be52ce9c:1729498788092-a8aa4be52ce9c-0'
2024-11-06 07:54:16|   1.4|  0.0|WARN  |Sidedness: `1-sided'
2024-11-06 07:54:16|   1.4|  0.0|WARN  |   Front Appearance Reference: `<inherited_or_default_appearance>'
2024-11-06 07:54:16|   1.4|  0.0|WARN  |Area:
2024-11-06 07:54:16|   1.4|  0.0|WARN  |   Geometry Type: IFMEPolygon
2024-11-06 07:54:16|   1.4|  0.0|WARN  |   Boundary:
2024-11-06 07:54:16|   1.4|  0.0|WARN  |      Geometry Type: IFMELine
2024-11-06 07:54:16|   1.4|  0.0|WARN  |      Number of Coordinates: 4 -- Coordinate Dimension: 3
2024-11-06 07:54:16|   1.4|  0.0|WARN  |      (1.0322151184082031,45.009639739990234,0.7500225305557251)(1.0322151184082031,45.009639739990234,0.7500225305557251)(1.0322151184082031,57.009639739990234,0.7500225305557251)(1.0322151184082031,45.009639739990234,0.7500225305557251)
2024-11-06 07:54:16|   1.4|  0.0|WARN  |===========================================================================
2024-11-06 07:54:16|   1.4|  0.0|WARN  |Failed to add a geometry to the Sketchup model, resulting file may be missing components
2024-11-06 07:54:16|   1.4|  0.0|WARN  |+++++++++++++++++++++++++++++++++++++++++++++++++++++++++++++++++++++++++++
2024-11-06 07:54:16|   1.4|  0.0|WARN  |Feature Type: `'
2024-11-06 07:54:16|   1.4|  0.0|WARN  |Attribute(string: UTF-8): `fme_geometry' has value `fme_aggregate'
2024-11-06 07:54:16|   1.4|  0.0|WARN  |Attribute(string: UTF-8): `fme_type' has value `fme_surface'
2024-11-06 07:54:16|   1.4|  0.0|WARN  |Coordinate System: `'
2024-11-06 07:54:16|   1.4|  0.0|WARN  |Geometry Type: IFMEFace
2024-11-06 07:54:16|   1.4|  0.0|WARN  |Number of Geometry Traits: 1
2024-11-06 07:54:16|   1.4|  0.0|WARN  |GeometryTrait(string; UTF-8): `obj_group' has value `basic:pro_6pzdl8zvc0:a9826012-0602-4c66-998a-e9ade8ebfd3e+a8aa4be52ce9c:1729498788092-a8aa4be52ce9c-0'
2024-11-06 07:54:16|   1.4|  0.0|WARN  |Sidedness: `1-sided'
2024-11-06 07:54:16|   1.4|  0.0|WARN  |   Front Appearance Reference: `<inherited_or_default_appearance>'
2024-11-06 07:54:16|   1.4|  0.0|WARN  |Area:
2024-11-06 07:54:16|   1.4|  0.0|WARN  |   Geometry Type: IFMEPolygon
2024-11-06 07:54:16|   1.4|  0.0|WARN  |   Boundary:
2024-11-06 07:54:16|   1.4|  0.0|WARN  |      Geometry Type: IFMELine
2024-11-06 07:54:16|   1.4|  0.0|WARN  |      Number of Coordinates: 4 -- Coordinate Dimension: 3
2024-11-06 07:54:16|   1.4|  0.0|WARN  |      (1.0322151184082031,45.009639739990234,0.7500225305557251)(1.0322151184082031,57.009639739990234,0.7500225305557251)(1.0322151184082031,57.009639739990234,0.7500225305557251)(1.0322151184082031,45.009639739990234,0.7500225305557251)
2024-11-06 07:54:16|   1.4|  0.0|WARN  |===========================================================================
2024-11-06 07:54:16|   1.4|  0.0|WARN  |Failed to add a geometry to the Sketchup model, resulting file may be missing components
2024-11-06 07:54:16|   1.4|  0.0|WARN  |+++++++++++++++++++++++++++++++++++++++++++++++++++++++++++++++++++++++++++
2024-11-06 07:54:16|   1.4|  0.0|WARN  |Feature Type: `'
2024-11-06 07:54:16|   1.4|  0.0|WARN  |Attribute(string: UTF-8): `fme_geometry' has value `fme_aggregate'
2024-11-06 07:54:16|   1.4|  0.0|WARN  |Attribute(string: UTF-8): `fme_type' has value `fme_surface'
2024-11-06 07:54:16|   1.4|  0.0|WARN  |Coordinate System: `'
2024-11-06 07:54:16|   1.4|  0.0|WARN  |Geometry Type: IFMEFace
2024-11-06 07:54:16|   1.4|  0.0|WARN  |Number of Geometry Traits: 1
2024-11-06 07:54:16|   1.4|  0.0|WARN  |GeometryTrait(string; UTF-8): `obj_group' has value `basic:pro_6pzdl8zvc0:a9826012-0602-4c66-998a-e9ade8ebfd3e+6d33dab194aaa:1727169477457-6d33dab194aaa-0'
2024-11-06 07:54:16|   1.4|  0.0|WARN  |Sidedness: `1-sided'
2024-11-06 07:54:16|   1.4|  0.0|WARN  |   Front Appearance Reference: `<inherited_or_default_appearance>'
2024-11-06 07:54:16|   1.4|  0.0|WARN  |Area:
2024-11-06 07:54:16|   1.4|  0.0|WARN  |   Geometry Type: IFMEPolygon
2024-11-06 07:54:16|   1.4|  0.0|WARN  |   Boundary:
2024-11-06 07:54:16|   1.4|  0.0|WARN  |      Geometry Type: IFMELine
2024-11-06 07:54:16|   1.4|  0.0|WARN  |      Number of Coordinates: 4 -- Coordinate Dimension: 3
2024-11-06 07:54:16|   1.4|  0.0|WARN  |      (1.032214641571045,45.009639739990234,0.7500228881835938)(1.032214641571045,45.009639739990234,0.7500228881835938)(1.032214641571045,49.009639739990234,0.7500228881835938)(1.032214641571045,45.009639739990234,0.7500228881835938)
2024-11-06 07:54:16|   1.5|  0.1|WARN  |===========================================================================
2024-11-06 07:54:16|   1.5|  0.0|WARN  |Failed to add a geometry to the Sketchup model, resulting file may be missing components
2024-11-06 07:54:16|   1.5|  0.0|WARN  |+++++++++++++++++++++++++++++++++++++++++++++++++++++++++++++++++++++++++++
2024-11-06 07:54:16|   1.5|  0.0|WARN  |Feature Type: `'
2024-11-06 07:54:16|   1.5|  0.0|WARN  |Attribute(string: UTF-8): `fme_geometry' has value `fme_aggregate'
2024-11-06 07:54:16|   1.5|  0.0|WARN  |Attribute(string: UTF-8): `fme_type' has value `fme_surface'
2024-11-06 07:54:16|   1.5|  0.0|WARN  |Coordinate System: `'
2024-11-06 07:54:16|   1.5|  0.0|WARN  |Geometry Type: IFMEFace
2024-11-06 07:54:16|   1.5|  0.0|WARN  |Number of Geometry Traits: 1
2024-11-06 07:54:16|   1.5|  0.0|WARN  |GeometryTrait(string; UTF-8): `obj_group' has value `basic:pro_6pzdl8zvc0:a9826012-0602-4c66-998a-e9ade8ebfd3e+6d33dab194aaa:1727169477457-6d33dab194aaa-0'
2024-11-06 07:54:16|   1.5|  0.0|WARN  |Sidedness: `1-sided'
2024-11-06 07:54:16|   1.5|  0.0|WARN  |   Front Appearance Reference: `<inherited_or_default_appearance>'
2024-11-06 07:54:16|   1.5|  0.0|WARN  |Area:
2024-11-06 07:54:16|   1.5|  0.0|WARN  |   Geometry Type: IFMEPolygon
2024-11-06 07:54:16|   1.5|  0.0|WARN  |   Boundary:
2024-11-06 07:54:16|   1.5|  0.0|WARN  |      Geometry Type: IFMELine
2024-11-06 07:54:16|   1.5|  0.0|WARN  |      Number of Coordinates: 4 -- Coordinate Dimension: 3
2024-11-06 07:54:16|   1.5|  0.0|WARN  |      (1.032214641571045,45.009639739990234,0.7500228881835938)(1.032214641571045,49.009639739990234,0.7500228881835938)(1.032214641571045,49.009639739990234,0.7500228881835938)(1.032214641571045,45.009639739990234,0.7500228881835938)
2024-11-06 07:54:16|   1.5|  0.0|WARN  |===========================================================================
2024-11-06 07:54:16|   1.5|  0.0|INFORM|=-=-=-=-=-=-=-=-=-=-=-=-=-=-=-=-=-=-=-=-=-=-=-=-=-=-=-=-=-=-=-=-=-=-=-=-=-=-=-
2024-11-06 07:54:16|   1.5|  0.0|INFORM|Feature output statistics for `SKP' writer using keyword `SKP_1':
2024-11-06 07:54:16|   1.5|  0.0|STATS |=-=-=-=-=-=-=-=-=-=-=-=-=-=-=-=-=-=-=-=-=-=-=-=-=-=-=-=-=-=-=-=-=-=-=-=-=-=-=-
2024-11-06 07:54:16|   1.5|  0.0|STATS |                               Features Written
2024-11-06 07:54:16|   1.5|  0.0|STATS |=-=-=-=-=-=-=-=-=-=-=-=-=-=-=-=-=-=-=-=-=-=-=-=-=-=-=-=-=-=-=-=-=-=-=-=-=-=-=-
2024-11-06 07:54:16|   1.5|  0.0|STATS |samrådsförslag 2 vån                                                      2
2024-11-06 07:54:16|   1.5|  0.0|STATS |==============================================================================
2024-11-06 07:54:16|   1.5|  0.0|STATS |Total Features Written                                                       2
2024-11-06 07:54:16|   1.5|  0.0|STATS |=-=-=-=-=-=-=-=-=-=-=-=-=-=-=-=-=-=-=-=-=-=-=-=-=-=-=-=-=-=-=-=-=-=-=-=-=-=-=-
2024-11-06 07:54:16|   1.5|  0.0|INFORM|MULTI_WRITER: multi_writer_id `1': done writing 2 feature(s) 
2024-11-06 07:54:16|   1.5|  0.0|INFORM|^^^^^^^^^^^^^^^^^^^^^^^^^^^^^^^^^^^^^^^^^^^^^^^^^^^^^^^^^^^^^^^^^^^^^^^^^^^^^^
2024-11-06 07:54:16|   1.5|  0.0|STATS |=-=-=-=-=-=-=-=-=-=-=-=-=-=-=-=-=-=-=-=-=-=-=-=-=-=-=-=-=-=-=-=-=-=-=-=-=-=-=-
2024-11-06 07:54:16|   1.5|  0.0|STATS |                            Features Read Summary
2024-11-06 07:54:16|   1.5|  0.0|STATS |=-=-=-=-=-=-=-=-=-=-=-=-=-=-=-=-=-=-=-=-=-=-=-=-=-=-=-=-=-=-=-=-=-=-=-=-=-=-=-
2024-11-06 07:54:16|   1.5|  0.0|STATS |samrådsförslag 3 vån                                                      1
2024-11-06 07:54:16|   1.5|  0.0|STATS |==============================================================================
2024-11-06 07:54:16|   1.5|  0.0|STATS |Total Features Read                                                          1
2024-11-06 07:54:16|   1.5|  0.0|STATS |=-=-=-=-=-=-=-=-=-=-=-=-=-=-=-=-=-=-=-=-=-=-=-=-=-=-=-=-=-=-=-=-=-=-=-=-=-=-=-
2024-11-06 07:54:17|   1.5|  0.0|STATS |=-=-=-=-=-=-=-=-=-=-=-=-=-=-=-=-=-=-=-=-=-=-=-=-=-=-=-=-=-=-=-=-=-=-=-=-=-=-=-
2024-11-06 07:54:17|   1.5|  0.0|STATS |                           Features Written Summary
2024-11-06 07:54:17|   1.5|  0.0|STATS |=-=-=-=-=-=-=-=-=-=-=-=-=-=-=-=-=-=-=-=-=-=-=-=-=-=-=-=-=-=-=-=-=-=-=-=-=-=-=-
2024-11-06 07:54:17|   1.5|  0.0|STATS |FormatillCesium                                                              2
2024-11-06 07:54:17|   1.5|  0.0|STATS |samrådsförslag 2 vån                                                      2
2024-11-06 07:54:17|   1.5|  0.0|STATS |==============================================================================
2024-11-06 07:54:17|   1.5|  0.0|STATS |Total Features Written                                                       4
2024-11-06 07:54:17|   1.5|  0.0|STATS |=-=-=-=-=-=-=-=-=-=-=-=-=-=-=-=-=-=-=-=-=-=-=-=-=-=-=-=-=-=-=-=-=-=-=-=-=-=-=-
2024-11-06 07:54:17|   1.5|  0.0|INFORM|Translation was SUCCESSFUL with 6 warning(s) (4 feature(s) output)
2024-11-06 07:54:17|   1.5|  0.0|STATS |Stored 4 feature(s) to FME feature store file `K:\FME\Lokala FME flöden\3D projekt\Cesium\FormatillCesium_log.ffs'
2024-11-06 07:54:17|   1.5|  0.0|INFORM|FME Session Duration: 2.2 seconds. (CPU: 1.1s user, 0.4s system)
2024-11-06 07:54:17|   1.5|  0.0|INFORM|END - ProcessID: 8240, peak process memory usage: 107564 kB, current process memory usage: 73636 kB
